<?xml version="1.0" encoding="UTF-8"?>
<testsuite xmlns:xsi="http://www.w3.org/2001/XMLSchema-instance" xsi:noNamespaceSchemaLocation="https://maven.apache.org/surefire/maven-surefire-plugin/xsd/surefire-test-report-3.0.xsd" version="3.0" name="com.tea.inventory.controller.TeaControllerTests" time="2.062" tests="5" errors="0" skipped="0" failures="0">
  <properties>
[...]
</properties>
  <testcase name="TeaController_UpdateTea_ReturnTea" classname="com.tea.inventory.controller.TeaControllerTests" time="0.217">
    <system-out><![CDATA[23:09:01.392 [main] INFO org.springframework.test.context.support.AnnotationConfigContextLoaderUtils -- Could not detect default configuration classes for test class [com.tea.inventory.controller.TeaControllerTests]: TeaControllerTests does not declare any static, non-private, non-final, nested classes annotated with @Configuration.
23:09:01.482 [main] INFO org.springframework.boot.test.context.SpringBootTestContextBootstrapper -- Found @SpringBootConfiguration com.tea.inventory.TeaInventoryApplication for test class com.tea.inventory.controller.TeaControllerTests
23:09:01.549 [main] INFO org.springframework.boot.devtools.restart.RestartApplicationListener -- Restart disabled due to context in which it is running

  .   ____          _            __ _ _
 /\\ / ___'_ __ _ _(_)_ __  __ _ \ \ \ \
( ( )\___ | '_ | '_| | '_ \/ _` | \ \ \ \
 \\/  ___)| |_)| | | | | || (_| |  ) ) ) )
  '  |____| .__|_| |_|_| |_\__, | / / / /
 =========|_|==============|___/=/_/_/_/

 :: Spring Boot ::                (v3.3.5)

2025-03-17T23:09:01.754+11:00  INFO 753804 --- [tea] [           main] c.t.i.controller.TeaControllerTests      : Starting TeaControllerTests using Java 23.0.2 with PID 753804 (started by sr199 in C:\Users\sr199\Desktop\Intern-tea-project\tea-inventory)
2025-03-17T23:09:01.755+11:00  INFO 753804 --- [tea] [           main] c.t.i.controller.TeaControllerTests      : No active profile set, falling back to 1 default profile: "default"
2025-03-17T23:09:03.079+11:00  INFO 753804 --- [tea] [           main] o.s.b.t.m.w.SpringBootMockServletContext : Initializing Spring TestDispatcherServlet ''
2025-03-17T23:09:03.079+11:00  INFO 753804 --- [tea] [           main] o.s.t.web.servlet.TestDispatcherServlet  : Initializing Servlet ''
2025-03-17T23:09:03.080+11:00  INFO 753804 --- [tea] [           main] o.s.t.web.servlet.TestDispatcherServlet  : Completed initialization in 1 ms
2025-03-17T23:09:03.093+11:00  INFO 753804 --- [tea] [           main] c.t.i.controller.TeaControllerTests      : Started TeaControllerTests in 1.552 seconds (process running for 2.303)

MockHttpServletRequest:
      HTTP Method = PUT
      Request URI = /api/tea/update/1
       Parameters = {}
          Headers = [Content-Type:"application/json", Content-Length:"153"]
             Body = <no character encoding set>
    Session Attrs = {}

Handler:
             Type = com.tea.inventory.product.controller.TeaController
           Method = com.tea.inventory.product.controller.TeaController#update(TeaRequestDto, Integer)

Async:
    Async started = false
     Async result = null

Resolved Exception:
             Type = null

ModelAndView:
        View name = null
             View = null
            Model = null

FlashMap:
       Attributes = null

MockHttpServletResponse:
           Status = 200
    Error message = null
          Headers = [Content-Type:"application/json"]
     Content type = application/json
             Body = {"id":null,"name":"New Nea DTO","type":"new tea type DTO","description":"No description provided","sellPrice":0.0,"origin":"Unknown origin","stockQuantity":0,"produceAt":null,"costPrice":0.0}
    Forwarded URL = null
   Redirected URL = null
          Cookies = []
]]></system-out>
    <system-err><![CDATA[WARNING: A Java agent has been loaded dynamically (C:\Users\sr199\.m2\repository\net\bytebuddy\byte-buddy-agent\1.14.19\byte-buddy-agent-1.14.19.jar)
WARNING: If a serviceability tool is in use, please run with -XX:+EnableDynamicAgentLoading to hide this warning
WARNING: If a serviceability tool is not in use, please run with -Djdk.instrument.traceUsage for more information
WARNING: Dynamic loading of agents will be disallowed by default in a future release
]]></system-err>
  </testcase>
  <testcase name="TeaController_CreateTea_ReturnCreated" classname="com.tea.inventory.controller.TeaControllerTests" time="0.006">
    <system-out><![CDATA[
MockHttpServletRequest:
      HTTP Method = POST
      Request URI = /api/tea/create
       Parameters = {}
          Headers = [Content-Type:"application/json", Content-Length:"153"]
             Body = <no character encoding set>
    Session Attrs = {}

Handler:
             Type = com.tea.inventory.product.controller.TeaController
           Method = com.tea.inventory.product.controller.TeaController#create(TeaRequestDto)

Async:
    Async started = false
     Async result = null

Resolved Exception:
             Type = null

ModelAndView:
        View name = null
             View = null
            Model = null

FlashMap:
       Attributes = null

MockHttpServletResponse:
           Status = 201
    Error message = null
          Headers = [Content-Type:"application/json"]
     Content type = application/json
             Body = {"id":null,"name":"New Nea DTO","type":"new tea type DTO","description":"No description provided","sellPrice":0.0,"origin":"Unknown origin","stockQuantity":0,"produceAt":null,"costPrice":0.0}
    Forwarded URL = null
   Redirected URL = null
          Cookies = []
]]></system-out>
  </testcase>
  <testcase name="TeaController_DeleteTea_ReturnString" classname="com.tea.inventory.controller.TeaControllerTests" time="0.004"/>
  <testcase name="TeaController_GetTeaByID_ReturnCreated" classname="com.tea.inventory.controller.TeaControllerTests" time="0.007">
    <system-out><![CDATA[
MockHttpServletRequest:
      HTTP Method = GET
      Request URI = /api/tea/1
       Parameters = {}
          Headers = []
             Body = <no character encoding set>
    Session Attrs = {}

Handler:
             Type = com.tea.inventory.product.controller.TeaController
           Method = com.tea.inventory.product.controller.TeaController#findById(Integer)

Async:
    Async started = false
     Async result = null

Resolved Exception:
             Type = null

ModelAndView:
        View name = null
             View = null
            Model = null

FlashMap:
       Attributes = null

MockHttpServletResponse:
           Status = 200
    Error message = null
          Headers = [Content-Type:"application/json"]
     Content type = application/json
             Body = {"id":null,"name":"new tea","type":"new tea type","description":null,"price":0.0,"origin":null,"produceAt":null}
    Forwarded URL = null
   Redirected URL = null
          Cookies = []
]]></system-out>
  </testcase>
  <testcase name="TeaController_GetAllTea_ReturnResponseDto" classname="com.tea.inventory.controller.TeaControllerTests" time="0.004">
    <system-out><![CDATA[
MockHttpServletRequest:
      HTTP Method = GET
      Request URI = /api/tea/getAll
       Parameters = {}
          Headers = []
             Body = <no character encoding set>
    Session Attrs = {}

Handler:
             Type = com.tea.inventory.product.controller.TeaController
           Method = com.tea.inventory.product.controller.TeaController#getProducts()

Async:
    Async started = false
     Async result = null

Resolved Exception:
             Type = null

ModelAndView:
        View name = null
             View = null
            Model = null

FlashMap:
       Attributes = null

MockHttpServletResponse:
           Status = 200
    Error message = null
          Headers = [Content-Type:"application/json"]
     Content type = application/json
             Body = [{"id":null,"name":"New Tea","type":"New Type","description":null,"price":0.0,"origin":null,"produceAt":null}]
    Forwarded URL = null
   Redirected URL = null
          Cookies = []
]]></system-out>
  </testcase>
</testsuite>